<?xml version="1.0" encoding="UTF-8"?>
<!-- Generated by org.testng.reporters.JUnitReportReporter -->
<testsuite hostname="LTIN252447" failures="0" tests="11" name="AllTestcases.TestCases" time="84.227" errors="0" timestamp="2024-03-05T12:52:55 IST" skipped="0">
  <testcase classname="AllTestcases.TestCases" name="verify_url" time="0.821"/>
  <system-out/>
  <testcase classname="AllTestcases.TestCases" name="verify_select1" time="8.226"/>
  <system-out/>
  <testcase classname="AllTestcases.TestCases" name="verify_select2" time="8.223"/>
  <system-out/>
  <testcase classname="AllTestcases.TestCases" name="verify_select3" time="13.211"/>
  <system-out/>
  <testcase classname="AllTestcases.TestCases" name="verify_doc_list" time="20.171"/>
  <system-out/>
  <testcase classname="AllTestcases.TestCases" name="verify_surg_list" time="5.742"/>
  <system-out/>
  <testcase classname="AllTestcases.TestCases" name="verify_clickforCorp" time="6.994"/>
  <system-out/>
  <testcase classname="AllTestcases.TestCases" name="verify_button1" time="6.009"/>
  <system-out/>
  <testcase classname="AllTestcases.TestCases" name="verify_button2" time="3.875"/>
  <system-out/>
  <testcase classname="AllTestcases.TestCases" name="verify_button3" time="6.553"/>
  <system-out/>
  <testcase classname="AllTestcases.TestCases" name="verify_button4" time="4.402"/>
  <system-out/>
</testsuite> <!-- AllTestcases.TestCases -->
