<?xml version="1.0" encoding="UTF-8"?>
<!-- Generated by org.testng.reporters.JUnitReportReporter -->
<testsuite hostname="LTIN252447" failures="0" tests="11" name="AllTestcases.TestCases" time="75.536" errors="0" timestamp="2024-03-06T14:47:06 IST" skipped="0">
  <testcase classname="AllTestcases.TestCases" name="verify_url" time="0.558"/>
  <testcase classname="AllTestcases.TestCases" name="verify_select1" time="8.072"/>
  <testcase classname="AllTestcases.TestCases" name="verify_select2" time="7.051"/>
  <testcase classname="AllTestcases.TestCases" name="verify_select3" time="12.949"/>
  <testcase classname="AllTestcases.TestCases" name="verify_doc_list" time="17.565"/>
  <testcase classname="AllTestcases.TestCases" name="verify_surg_list" time="4.417"/>
  <testcase classname="AllTestcases.TestCases" name="verify_clickforCorp" time="5.873"/>
  <testcase classname="AllTestcases.TestCases" name="verify_button1" time="5.958"/>
  <testcase classname="AllTestcases.TestCases" name="verify_button2" time="3.408"/>
  <testcase classname="AllTestcases.TestCases" name="verify_button3" time="5.441"/>
  <testcase classname="AllTestcases.TestCases" name="verify_button4" time="4.244"/>
</testsuite> <!-- AllTestcases.TestCases -->
